SF:lib/features/play_music/models/playlist.dart
DA:7,2
LF:1
LH:1
end_of_record
SF:lib/features/play_music/models/track.dart
DA:7,2
LF:1
LH:1
end_of_record
SF:lib/features/play_music/bloc/music_player_bloc.dart
DA:21,1
DA:24,1
DA:25,1
DA:26,2
DA:27,1
DA:28,2
DA:29,2
DA:30,2
DA:31,2
DA:32,2
DA:37,1
DA:38,4
DA:40,3
DA:41,2
DA:43,2
DA:44,1
DA:48,1
DA:49,4
DA:51,2
DA:53,2
DA:56,1
DA:60,1
DA:61,4
DA:63,2
DA:65,2
DA:68,1
DA:72,1
DA:73,2
DA:74,1
DA:77,1
DA:78,6
DA:79,2
DA:80,1
DA:82,1
DA:83,4
DA:86,1
DA:90,1
DA:91,2
DA:92,2
DA:93,1
DA:95,1
DA:96,4
DA:99,3
DA:103,1
DA:104,2
DA:105,2
DA:106,2
DA:110,1
DA:112,2
DA:113,1
LF:50
LH:50
end_of_record
SF:lib/features/play_music/core/track_timer.dart
DA:4,0
DA:5,0
DA:12,0
DA:14,0
DA:15,0
DA:16,0
DA:19,0
DA:20,0
DA:21,0
DA:24,0
DA:25,0
DA:26,0
DA:29,0
DA:30,0
DA:31,0
DA:32,0
DA:35,0
DA:38,0
DA:39,0
DA:40,0
DA:41,0
DA:44,0
DA:46,0
DA:47,0
DA:48,0
DA:53,0
DA:54,0
DA:55,0
DA:56,0
DA:57,0
LF:30
LH:0
end_of_record
SF:lib/features/play_music/repository/playlist_repository.dart
DA:9,0
LF:1
LH:0
end_of_record
